0 info it worked if it ends with ok
1 verbose cli [ '/usr/local/bin/node', '/usr/local/bin/npm', 'start' ]
2 info using npm@3.3.6
3 info using node@v5.0.0
4 verbose run-script [ 'prestart', 'start', 'poststart' ]
5 info lifecycle birthday-wisher@~prestart: birthday-wisher@
6 silly lifecycle birthday-wisher@~prestart: no script for prestart, continuing
7 info lifecycle birthday-wisher@~start: birthday-wisher@
8 verbose lifecycle birthday-wisher@~start: unsafe-perm in lifecycle true
9 verbose lifecycle birthday-wisher@~start: PATH: /usr/local/lib/node_modules/npm/bin/node-gyp-bin:/Users/dinesh/Documents/developer/birthday-wisher/node_modules/.bin:/Users/dinesh/bin:/usr/bin:/bin:/usr/sbin:/sbin:/usr/local/bin:/Users/dinesh/Documents/developer/maven/apache-maven-3.1.1/bin:/opt/X11/bin:/usr/local/git/bin:/usr/local/MacGPG2/bin
10 verbose lifecycle birthday-wisher@~start: CWD: /Users/dinesh/Documents/developer/birthday-wisher
11 silly lifecycle birthday-wisher@~start: Args: [ '-c', 'node scenarios.js' ]
12 silly lifecycle birthday-wisher@~start: Returned: code: 1  signal: null
13 info lifecycle birthday-wisher@~start: Failed to exec start script
14 verbose stack Error: birthday-wisher@ start: `node scenarios.js`
14 verbose stack Exit status 1
14 verbose stack     at EventEmitter.<anonymous> (/usr/local/lib/node_modules/npm/lib/utils/lifecycle.js:233:16)
14 verbose stack     at emitTwo (events.js:87:13)
14 verbose stack     at EventEmitter.emit (events.js:172:7)
14 verbose stack     at ChildProcess.<anonymous> (/usr/local/lib/node_modules/npm/lib/utils/spawn.js:24:14)
14 verbose stack     at emitTwo (events.js:87:13)
14 verbose stack     at ChildProcess.emit (events.js:172:7)
14 verbose stack     at maybeClose (internal/child_process.js:818:16)
14 verbose stack     at Process.ChildProcess._handle.onexit (internal/child_process.js:211:5)
15 verbose pkgid birthday-wisher@
16 verbose cwd /Users/dinesh/Documents/developer/birthday-wisher
17 error Darwin 14.4.0
18 error argv "/usr/local/bin/node" "/usr/local/bin/npm" "start"
19 error node v5.0.0
20 error npm  v3.3.6
21 error code ELIFECYCLE
22 error birthday-wisher@ start: `node scenarios.js`
22 error Exit status 1
23 error Failed at the birthday-wisher@ start script 'node scenarios.js'.
23 error This is most likely a problem with the birthday-wisher package,
23 error not with npm itself.
23 error Tell the author that this fails on your system:
23 error     node scenarios.js
23 error You can get their info via:
23 error     npm owner ls birthday-wisher
23 error There is likely additional logging output above.
24 verbose exit [ 1, true ]
